[0407/093529:ERROR:render_media_log.cc(20)] MediaEvent: PIPELINE_ERROR demuxer: could not open
[0407/093543:ERROR:ipc_channel_win.cc(207)] pipe error: 109
[0407/095029:WARNING:ipc_channel_win.cc(360)] Unable to create pipe "\\.\pipe\chrome.6668.0.198918768" in client mode: El sistema no puede encontrar el archivo especificado. (0x2)
[0407/095029:WARNING:ipc_channel_win.cc(360)] Unable to create pipe "\\.\pipe\chrome.6668.1.153743767" in client mode: El sistema no puede encontrar el archivo especificado. (0x2)
[0407/095202:WARNING:content_browser_client.cc(622)] No browser info matching frame process id 3 and routing id 10
[0407/095202:ERROR:ipc_channel_win.cc(207)] pipe error: 109
[0407/095239:ERROR:gpu_video_decode_accelerator.cc(281)] HW video decode not available for profile 11
[0407/095239:ERROR:gpu_video_decode_accelerator.cc(281)] HW video decode not available for profile 11
[0407/095345:ERROR:audio_output_device.cc(427)] IO loop going away before the audio device has been stopped
[0407/100347:FATAL:hwnd_util.cc(66)] : El parámetro no es correcto. (0x57)
[0407/101634:ERROR:ipc_channel_win.cc(207)] pipe error: 109
[0407/102924:WARNING:content_browser_client.cc(622)] No browser info matching frame process id 3 and routing id 1
[0407/103327:FATAL:hwnd_util.cc(66)] : El parámetro no es correcto. (0x57)
[0407/112654:WARNING:content_browser_client.cc(622)] No browser info matching frame process id 3 and routing id 85
[0407/114812:ERROR:ipc_channel_win.cc(502)] pipe error: 232
[0407/114812:ERROR:ipc_channel_win.cc(502)] pipe error: 232
[0407/115850:WARNING:dns_config_service_win.cc(673)] Failed to read DnsConfig.
[0407/120335:ERROR:ipc_channel_win.cc(502)] pipe error: 232
[0407/120436:WARNING:content_browser_client.cc(622)] No browser info matching frame process id 3 and routing id 126
[0407/120436:WARNING:content_browser_client.cc(622)] No browser info matching frame process id 3 and routing id 126
[0407/120436:WARNING:browser_host_impl.cc(672)] Found browser id 5 but no browser object matching frame process id 3 and routing id 128
[0407/120436:WARNING:browser_host_impl.cc(672)] Found browser id 5 but no browser object matching frame process id 3 and routing id 128
[0407/120436:WARNING:browser_host_impl.cc(672)] Found browser id 5 but no browser object matching frame process id 3 and routing id 128
[0407/120436:WARNING:browser_host_impl.cc(672)] Found browser id 5 but no browser object matching frame process id 3 and routing id 128
[0407/120436:WARNING:browser_host_impl.cc(672)] Found browser id 5 but no browser object matching frame process id 3 and routing id 128
[0407/120436:WARNING:content_browser_client.cc(622)] No browser info matching frame process id 3 and routing id 126
[0407/121531:ERROR:gpu_video_decode_accelerator.cc(281)] HW video decode not available for profile 12
[0407/121601:ERROR:gpu_video_decode_accelerator.cc(281)] HW video decode not available for profile 12
[0407/121603:ERROR:gpu_video_decode_accelerator.cc(281)] HW video decode not available for profile 12
[0407/121603:ERROR:gpu_video_decode_accelerator.cc(281)] HW video decode not available for profile 12
[0407/121603:ERROR:gpu_video_decode_accelerator.cc(281)] HW video decode not available for profile 12
[0407/121620:ERROR:ipc_channel_win.cc(207)] pipe error: 109
[0407/121620:ERROR:ipc_channel_win.cc(207)] pipe error: 109
[0407/121620:ERROR:ipc_channel_win.cc(207)] pipe error: 109
[0407/121620:ERROR:ipc_channel_win.cc(502)] pipe error: 232
[0407/121620:ERROR:ipc_channel_win.cc(207)] pipe error: 109
[0407/121620:ERROR:audio_output_device.cc(427)] IO loop going away before the audio device has been stopped
[0407/121831:ERROR:ipc_channel_win.cc(465)] pipe error: 109
[0407/122503:WARNING:content_browser_client.cc(622)] No browser info matching frame process id 4 and routing id 1
[0407/143713:ERROR:ipc_channel_win.cc(207)] pipe error: 109
[0407/143942:ERROR:ipc_channel_win.cc(207)] pipe error: 109
[0407/145032:ERROR:ipc_channel_win.cc(207)] pipe error: 109
[0407/150029:ERROR:ipc_channel_win.cc(207)] pipe error: 109
[0407/150333:ERROR:ipc_channel_win.cc(207)] pipe error: 109
[0407/153832:ERROR:ipc_channel_win.cc(465)] pipe error: 109
[0407/161000:ERROR:ipc_channel_win.cc(207)] pipe error: 109
[0407/161002:ERROR:ipc_channel_win.cc(207)] pipe error: 109
[0407/161002:WARNING:raw_channel_win.cc(532)] WriteFile: Se está cerrando la canalización. (0xE8)
[0407/161002:WARNING:channel.cc(358)] RawChannel write error
[0407/164901:WARNING:content_browser_client.cc(622)] No browser info matching frame process id 3 and routing id 1
[0407/165725:ERROR:ipc_channel_win.cc(207)] pipe error: 109
[0407/165725:WARNING:raw_channel_win.cc(532)] WriteFile: Se está cerrando la canalización. (0xE8)
[0407/165725:WARNING:channel.cc(358)] RawChannel write error
[0408/094921:ERROR:gpu_video_decode_accelerator.cc(281)] HW video decode not available for profile 12
[0408/094923:ERROR:gles2_cmd_decoder.cc(14033)] [.Compositor-050B2CB8]GL ERROR :GL_INVALID_OPERATION : glCreateAndConsumeTextureCHROMIUM: invalid mailbox name
[0408/094923:ERROR:gles2_cmd_decoder.cc(7430)] [.Compositor-050B2CB8]RENDER WARNING: texture bound to texture unit 0 is not renderable. It maybe non-power-of-2 and have incompatible texture filtering.
[0408/101523:WARNING:ipc_channel_win.cc(360)] Unable to create pipe "\\.\pipe\chrome.168.1.194855451" in client mode: El sistema no puede encontrar el archivo especificado. (0x2)
[0408/101523:WARNING:ipc_channel_win.cc(360)] Unable to create pipe "\\.\pipe\chrome.168.0.96039440" in client mode: El sistema no puede encontrar el archivo especificado. (0x2)
[0408/101549:WARNING:ipc_channel_win.cc(360)] Unable to create pipe "\\.\pipe\chrome.6248.0.208630312" in client mode: El sistema no puede encontrar el archivo especificado. (0x2)
[0408/101549:WARNING:ipc_channel_win.cc(360)] Unable to create pipe "\\.\pipe\chrome.6248.1.96791266" in client mode: El sistema no puede encontrar el archivo especificado. (0x2)
[0408/104534:WARNING:raw_channel_win.cc(532)] WriteFile: Se está cerrando la canalización. (0xE8)
[0408/104534:WARNING:channel.cc(358)] RawChannel write error
[0408/105143:WARNING:ipc_channel_win.cc(360)] Unable to create pipe "\\.\pipe\chrome.7836.0.151219267" in client mode: El sistema no puede encontrar el archivo especificado. (0x2)
[0408/105144:WARNING:ipc_channel_win.cc(360)] Unable to create pipe "\\.\pipe\chrome.7836.1.148687038" in client mode: El sistema no puede encontrar el archivo especificado. (0x2)
[0408/105145:FATAL:content_main_runner.cc(762)] Check failed: InitializeSandbox(params.sandbox_info). 
[0408/105245:WARNING:ipc_channel_win.cc(360)] Unable to create pipe "\\.\pipe\chrome.5400.0.21320125" in client mode: El sistema no puede encontrar el archivo especificado. (0x2)
[0408/105245:WARNING:ipc_channel_win.cc(360)] Unable to create pipe "\\.\pipe\chrome.5400.1.105807056" in client mode: El sistema no puede encontrar el archivo especificado. (0x2)
[0408/105315:WARNING:ipc_channel_win.cc(360)] Unable to create pipe "\\.\pipe\chrome.5752.0.165631595" in client mode: El sistema no puede encontrar el archivo especificado. (0x2)
[0408/105315:WARNING:ipc_channel_win.cc(360)] Unable to create pipe "\\.\pipe\chrome.5752.1.212682513" in client mode: El sistema no puede encontrar el archivo especificado. (0x2)
[0408/105559:ERROR:webgraphicscontext3d_command_buffer_impl.cc(208)] CommandBufferProxy::Initialize failed.
[0408/105559:ERROR:webgraphicscontext3d_command_buffer_impl.cc(227)] Failed to initialize command buffer.
[0408/144226:WARNING:content_browser_client.cc(622)] No browser info matching frame process id 3 and routing id 1
[0408/151335:ERROR:ipc_channel_win.cc(207)] pipe error: 109
[0408/154441:ERROR:ipc_channel_win.cc(207)] pipe error: 109
[0408/154523:ERROR:ipc_channel_win.cc(207)] pipe error: 109
[0409/140232:ERROR:ipc_channel_win.cc(502)] pipe error: 232
[0409/143633:ERROR:ipc_channel_win.cc(207)] pipe error: 109
[0409/144917:ERROR:browser_host_impl.cc(1751)] Invalid URL passed to CefBrowserHostImpl::LoadURL: www.mitele.es/http://www.mitelekids.es/msplayer/popup.html?contentId=MDSEPI20160409_0001&clippingId=5.jpg&clippingContentId=MDSEPI20160409_0001&clippingWidth=639&clippingHeight=363&boardId=27696
[0409/144951:ERROR:gles2_cmd_decoder.cc(14033)] [.Compositor-05706E40]GL ERROR :GL_INVALID_OPERATION : glCreateAndConsumeTextureCHROMIUM: invalid mailbox name
[0409/144951:ERROR:gles2_cmd_decoder.cc(7430)] [.Compositor-05706E40]RENDER WARNING: texture bound to texture unit 0 is not renderable. It maybe non-power-of-2 and have incompatible texture filtering.
[0409/144951:ERROR:gles2_cmd_decoder.cc(7430)] [.Compositor-05706E40]RENDER WARNING: texture bound to texture unit 0 is not renderable. It maybe non-power-of-2 and have incompatible texture filtering.
[0409/192753:ERROR:gpu_video_decode_accelerator.cc(281)] HW video decode not available for profile 12
[0409/192805:WARNING:content_browser_client.cc(622)] No browser info matching frame process id 3 and routing id 1
[0409/192805:WARNING:content_browser_client.cc(622)] No browser info matching frame process id 3 and routing id 1
[0409/200718:ERROR:browser_host_impl.cc(1751)] Invalid URL passed to CefBrowserHostImpl::LoadURL: <!DOCTYPE html><html><head>< title>Page Title</title ></head > < body > < iframe width='420' height='315' src=' https://youtube.com//embed/n5sSVWT8Vdg?rel=0&autoplay=1frameborder ='0' allowfullscreen></iframe></ body ></ html >
[0409/200718:ERROR:browser_host_impl.cc(1751)] Invalid URL passed to CefBrowserHostImpl::LoadURL: <!DOCTYPE html><html><head>< title>Page Title</title ></head > < body > < iframe width='420' height='315' src=' https://youtube.com//embed/n5sSVWT8Vdg?rel=0&autoplay=1frameborder ='0' allowfullscreen></iframe></ body ></ html >
[0409/200718:ERROR:browser_host_impl.cc(1751)] Invalid URL passed to CefBrowserHostImpl::LoadURL: <!DOCTYPE html><html><head>< title>Page Title</title ></head > < body > < iframe width='420' height='315' src=' https://youtube.com//embed/n5sSVWT8Vdg?rel=0&autoplay=1frameborder ='0' allowfullscreen></iframe></ body ></ html >
[0409/200718:ERROR:browser_host_impl.cc(1751)] Invalid URL passed to CefBrowserHostImpl::LoadURL: <!DOCTYPE html><html><head>< title>Page Title</title ></head > < body > < iframe width='420' height='315' src=' https://youtube.com//embed/n5sSVWT8Vdg?rel=0&autoplay=1frameborder ='0' allowfullscreen></iframe></ body ></ html >
[0409/200836:ERROR:browser_host_impl.cc(1751)] Invalid URL passed to CefBrowserHostImpl::LoadURL: <!DOCTYPE html><html><head>< title>Page Title</title ></head > < body > < iframe width='420' height='315' src=' https://youtube.com//embed/KB2nsR1dfYg?rel=0&autoplay=1frameborder ='0' allowfullscreen></iframe></ body ></ html >
[0409/200836:ERROR:browser_host_impl.cc(1751)] Invalid URL passed to CefBrowserHostImpl::LoadURL: <!DOCTYPE html><html><head>< title>Page Title</title ></head > < body > < iframe width='420' height='315' src=' https://youtube.com//embed/KB2nsR1dfYg?rel=0&autoplay=1frameborder ='0' allowfullscreen></iframe></ body ></ html >
[0409/201007:ERROR:browser_host_impl.cc(1751)] Invalid URL passed to CefBrowserHostImpl::LoadURL: <!DOCTYPE html><html><head>< title>Page Title</title ></head > < body > < iframe width='420' height='315' src=' http://youtube.com//embed/KnjtN2OaAG4?rel=0&autoplay=1frameborder ='0' allowfullscreen></iframe></ body ></ html >
[0409/201053:ERROR:browser_host_impl.cc(1751)] Invalid URL passed to CefBrowserHostImpl::LoadURL: <!DOCTYPE html><html><head>< title>Page Title</title ></head > < body > < iframe width='420' height='315' src=' https://youtube.com//embed/n5sSVWT8Vdg?rel=0&autoplay=1 frameborder ='0' allowfullscreen></iframe></ body ></ html >
[0409/201344:ERROR:browser_host_impl.cc(1751)] Invalid URL passed to CefBrowserHostImpl::LoadURL: <!DOCTYPE html><html><head>< title>Page Title</title ></head > < body > < iframe width='420' height='315' src=' https://youtube.com//v/n5sSVWT8Vdg?rel=0&autoplay=1 frameborder ='0' allowfullscreen></iframe></ body ></ html >
[0409/201423:ERROR:browser_host_impl.cc(1751)] Invalid URL passed to CefBrowserHostImpl::LoadURL: <!DOCTYPE html><html><head>< title>Page Title</title ></head > < body > < iframe width='420' height='315' src=' https://youtube.com//v/n5sSVWT8Vdg?rel=0&autoplay=1 frameborder ='0' allowfullscreen></iframe></ body ></ html >
[0409/201441:ERROR:browser_host_impl.cc(1751)] Invalid URL passed to CefBrowserHostImpl::LoadURL: <!DOCTYPE html><html><head>< title>Page Title</title ></head > < body > < iframe width='420' height='315' src=' https://youtube.com//v/KB2nsR1dfYg?rel=0&autoplay=1 frameborder ='0' allowfullscreen></iframe></ body ></ html >
[0409/201642:ERROR:gpu_video_decode_accelerator.cc(281)] HW video decode not available for profile 12
[0409/201945:ERROR:audio_output_device.cc(427)] IO loop going away before the audio device has been stopped
[0409/202105:ERROR:gpu_video_decode_accelerator.cc(281)] HW video decode not available for profile 12
[0409/202131:WARNING:content_browser_client.cc(622)] No browser info matching frame process id 3 and routing id 1
[0409/203152:ERROR:gpu_video_decode_accelerator.cc(281)] HW video decode not available for profile 12
[0409/203204:ERROR:audio_output_device.cc(427)] IO loop going away before the audio device has been stopped
[0409/203252:ERROR:gpu_video_decode_accelerator.cc(281)] HW video decode not available for profile 12
[0409/203429:ERROR:audio_output_device.cc(427)] IO loop going away before the audio device has been stopped
[0409/204727:ERROR:gpu_video_decode_accelerator.cc(281)] HW video decode not available for profile 12
[0409/204806:WARNING:content_browser_client.cc(622)] No browser info matching frame process id 3 and routing id 1
[0409/204806:WARNING:content_browser_client.cc(622)] No browser info matching frame process id 3 and routing id 1
[0409/204806:WARNING:content_browser_client.cc(622)] No browser info matching frame process id 3 and routing id 1
[0409/205240:ERROR:gpu_video_decode_accelerator.cc(281)] HW video decode not available for profile 12
[0409/205348:ERROR:audio_output_device.cc(427)] IO loop going away before the audio device has been stopped
[0409/205413:ERROR:gpu_video_decode_accelerator.cc(281)] HW video decode not available for profile 12
[0409/205553:ERROR:audio_output_device.cc(427)] IO loop going away before the audio device has been stopped
[0409/205643:ERROR:gpu_video_decode_accelerator.cc(281)] HW video decode not available for profile 12
[0409/214410:ERROR:gpu_video_decode_accelerator.cc(281)] HW video decode not available for profile 12
[0409/214425:ERROR:audio_output_device.cc(427)] IO loop going away before the audio device has been stopped
[0409/214453:ERROR:gpu_video_decode_accelerator.cc(281)] HW video decode not available for profile 12
[0409/214455:WARNING:content_browser_client.cc(622)] No browser info matching frame process id 3 and routing id 1
[0409/214455:WARNING:content_browser_client.cc(622)] No browser info matching frame process id 3 and routing id 1
[0409/215023:INFO:chrome_scheme_handler.cc(263)] Reguest for unknown chrome resource: chrome://%20blank/
[0409/222825:INFO:chrome_scheme_handler.cc(263)] Reguest for unknown chrome resource: chrome://%20blank/
[0409/222825:INFO:chrome_scheme_handler.cc(263)] Reguest for unknown chrome resource: chrome://%20blank/
[0409/222825:ERROR:CONSOLE(0)] "Uncaught ReferenceError: $ is not defined", source: about:blank (0)
[0409/222949:ERROR:gpu_video_decode_accelerator.cc(281)] HW video decode not available for profile 12
[0409/223508:ERROR:gpu_video_decode_accelerator.cc(281)] HW video decode not available for profile 11
[0409/223524:ERROR:gpu_video_decode_accelerator.cc(281)] HW video decode not available for profile 12
[0409/223935:ERROR:CONSOLE(1456)] "Uncaught TypeError: Cannot read property 'textContent' of null", source: chrome-devtools://devtools/elements_module.js (1456)
[0409/223935:ERROR:CONSOLE(1456)] "Uncaught TypeError: Cannot read property 'textContent' of null", source: chrome-devtools://devtools/elements_module.js (1456)
[0409/224030:ERROR:CONSOLE(1456)] "Uncaught TypeError: Cannot read property 'textContent' of null", source: chrome-devtools://devtools/elements_module.js (1456)
[0409/224030:ERROR:CONSOLE(1456)] "Uncaught TypeError: Cannot read property 'textContent' of null", source: chrome-devtools://devtools/elements_module.js (1456)
[0409/224031:ERROR:CONSOLE(1456)] "Uncaught TypeError: Cannot read property 'textContent' of null", source: chrome-devtools://devtools/elements_module.js (1456)
[0409/224031:ERROR:CONSOLE(1456)] "Uncaught TypeError: Cannot read property 'textContent' of null", source: chrome-devtools://devtools/elements_module.js (1456)
[0409/224042:ERROR:CONSOLE(1456)] "Uncaught TypeError: Cannot read property 'textContent' of null", source: chrome-devtools://devtools/elements_module.js (1456)
[0409/225016:ERROR:CONSOLE(1405)] "TypeError: Cannot read property 'undefined' of undefined TypeError: Cannot read property 'undefined' of undefined
    at Object.WebInspector.ElementsPanel._highlightCurrentSearchResult (chrome-devtools://devtools/elements_module.js:1732:111)
    at Object.searchCallback (chrome-devtools://devtools/elements_module.js:1734:30)
    at Object.searchResultsCallback (chrome-devtools://devtools/inspector.js:5055:8)
    at Object.InspectorBackendClass.AgentPrototype.dispatchResponse (chrome-devtools://devtools/inspector.js:3979:10)
    at Object.InspectorBackendClass.Connection.dispatch (chrome-devtools://devtools/inspector.js:3899:60)
    at Object.InspectorBackendClass.MainConnection._dispatchMessage (chrome-devtools://devtools/inspector.js:3924:7)
    at Object.WebInspector.Object.dispatchEventToListeners (chrome-devtools://devtools/inspector.js:752:185)
    at innerDispatch (chrome-devtools://devtools/inspector.js:1405:58)
    at Object.InspectorFrontendAPIImpl._dispatch (chrome-devtools://devtools/inspector.js:1404:1)
    at Object.DevToolsAPIImpl._dispatchOnInspectorFrontendAPI (<anonymous>:61:21)
    at Object.DevToolsAPIImpl.dispatchMessage (<anonymous>:138:14)", source: chrome-devtools://devtools/inspector.js (1405)
[0409/230235:ERROR:audio_output_device.cc(427)] IO loop going away before the audio device has been stopped
[0409/230335:ERROR:gpu_video_decode_accelerator.cc(281)] HW video decode not available for profile 12
[0409/230348:ERROR:audio_output_device.cc(427)] IO loop going away before the audio device has been stopped
[0409/230659:ERROR:gpu_video_decode_accelerator.cc(281)] HW video decode not available for profile 12
[0409/230659:WARNING:content_browser_client.cc(622)] No browser info matching frame process id 3 and routing id 1
[0409/230659:WARNING:content_browser_client.cc(622)] No browser info matching frame process id 3 and routing id 1
[0409/230659:WARNING:content_browser_client.cc(622)] No browser info matching frame process id 3 and routing id 1
[0409/230659:WARNING:content_browser_client.cc(622)] No browser info matching frame process id 3 and routing id 1
[0409/230659:WARNING:content_browser_client.cc(622)] No browser info matching frame process id 3 and routing id 1
[0409/230659:WARNING:content_browser_client.cc(622)] No browser info matching frame process id 3 and routing id 1
[0409/230659:WARNING:content_browser_client.cc(622)] No browser info matching frame process id 3 and routing id 1
[0409/230659:WARNING:content_browser_client.cc(622)] No browser info matching frame process id 3 and routing id 1
[0409/230659:WARNING:content_browser_client.cc(622)] No browser info matching frame process id 3 and routing id 1
[0409/230659:WARNING:content_browser_client.cc(622)] No browser info matching frame process id 3 and routing id 1
[0409/230659:WARNING:content_browser_client.cc(622)] No browser info matching frame process id 3 and routing id 1
[0409/230659:WARNING:content_browser_client.cc(622)] No browser info matching frame process id 3 and routing id 1
[0409/230951:ERROR:gpu_video_decode_accelerator.cc(281)] HW video decode not available for profile 12
[0409/231524:ERROR:CONSOLE(61)] "Uncaught TypeError: Cannot read property 'dispatchMessage' of undefined", source:  (61)
[0409/233031:ERROR:browser_gpu_channel_host_factory.cc(132)] Failed to launch GPU process.
[0409/234525:ERROR:CONSOLE(61)] "Uncaught TypeError: Cannot read property 'dispatchMessage' of undefined", source:  (61)
[0409/234630:ERROR:gles2_cmd_decoder.cc(13099)] [.RenderWorker-00B22F10]GL ERROR :GL_INVALID_VALUE : glCopySubTextureCHROMIUM: source texture has no level 0
[0409/234630:ERROR:gles2_cmd_decoder.cc(13099)] [.RenderWorker-00B22F10]GL ERROR :GL_INVALID_VALUE : glCopySubTextureCHROMIUM: source texture has no level 0
[0409/235842:WARNING:content_browser_client.cc(622)] No browser info matching frame process id 3 and routing id 1
[0409/235842:WARNING:content_browser_client.cc(622)] No browser info matching frame process id 3 and routing id 1
[0410/081349:ERROR:gpu_video_decode_accelerator.cc(281)] HW video decode not available for profile 12
[0410/081427:ERROR:ipc_channel_win.cc(465)] pipe error: 109
[0410/081427:ERROR:audio_output_device.cc(427)] IO loop going away before the audio device has been stopped
[0410/081625:ERROR:gpu_video_decode_accelerator.cc(281)] HW video decode not available for profile 12
[0410/081748:WARNING:content_browser_client.cc(622)] No browser info matching frame process id 3 and routing id 1
[0410/081748:WARNING:content_browser_client.cc(622)] No browser info matching frame process id 3 and routing id 1
[0410/081748:WARNING:content_browser_client.cc(622)] No browser info matching frame process id 3 and routing id 1
[0410/081748:WARNING:content_browser_client.cc(622)] No browser info matching frame process id 3 and routing id 1
[0410/081748:WARNING:content_browser_client.cc(622)] No browser info matching frame process id 3 and routing id 1
[0410/081823:WARNING:content_browser_client.cc(622)] No browser info matching frame process id 3 and routing id 1
[0410/081823:WARNING:content_browser_client.cc(622)] No browser info matching frame process id 3 and routing id 1
[0410/082004:ERROR:gpu_video_decode_accelerator.cc(281)] HW video decode not available for profile 12
[0410/082027:WARNING:content_browser_client.cc(622)] No browser info matching frame process id 3 and routing id 1
[0410/082027:WARNING:content_browser_client.cc(622)] No browser info matching frame process id 3 and routing id 1
[0410/082027:WARNING:content_browser_client.cc(622)] No browser info matching frame process id 3 and routing id 1
[0410/082027:WARNING:content_browser_client.cc(622)] No browser info matching frame process id 3 and routing id 1
[0410/082027:WARNING:content_browser_client.cc(622)] No browser info matching frame process id 3 and routing id 1
[0410/082027:WARNING:content_browser_client.cc(622)] No browser info matching frame process id 3 and routing id 1
[0410/082118:ERROR:gpu_video_decode_accelerator.cc(281)] HW video decode not available for profile 12
[0410/082203:WARNING:content_browser_client.cc(622)] No browser info matching frame process id 3 and routing id 1
[0410/082203:WARNING:content_browser_client.cc(622)] No browser info matching frame process id 3 and routing id 1
[0410/082221:ERROR:gpu_video_decode_accelerator.cc(281)] HW video decode not available for profile 12
[0410/083131:ERROR:gpu_video_decode_accelerator.cc(281)] HW video decode not available for profile 12
[0410/083140:WARNING:content_browser_client.cc(622)] No browser info matching frame process id 3 and routing id 1
[0410/083239:ERROR:gpu_video_decode_accelerator.cc(281)] HW video decode not available for profile 12
[0410/083337:ERROR:ipc_channel_win.cc(502)] pipe error: 232
[0410/084421:ERROR:browser_host_impl.cc(1751)] Invalid URL passed to CefBrowserHostImpl::LoadURL: 13:28
Ganar fuerza en hombros y presses por encima de la cabeza
Strongman Tarrako
15.700 visualizaciones

[0410/084421:ERROR:browser_host_impl.cc(1751)] Invalid URL passed to CefBrowserHostImpl::LoadURL: 13:28
Ganar fuerza en hombros y presses por encima de la cabeza
Strongman Tarrako
15.700 visualizaciones
13:28
Ganar fuerza en hombros y presses por encima de la cabeza
Strongman Tarrako
15.700 visualizaciones

[0410/084511:ERROR:gpu_video_decode_accelerator.cc(281)] HW video decode not available for profile 12
[0410/084527:ERROR:gpu_video_decode_accelerator.cc(281)] HW video decode not available for profile 12
[0410/084536:ERROR:gpu_video_decode_accelerator.cc(281)] HW video decode not available for profile 12
[0410/084547:ERROR:gpu_video_decode_accelerator.cc(281)] HW video decode not available for profile 12
[0410/084742:ERROR:gpu_video_decode_accelerator.cc(281)] HW video decode not available for profile 12
[0410/084750:ERROR:gpu_video_decode_accelerator.cc(281)] HW video decode not available for profile 12
[0410/085104:ERROR:ipc_channel_win.cc(502)] pipe error: 232
[0410/085104:ERROR:audio_output_device.cc(427)] IO loop going away before the audio device has been stopped
[0410/085131:ERROR:gpu_video_decode_accelerator.cc(281)] HW video decode not available for profile 12
[0410/085144:ERROR:ipc_channel_win.cc(502)] pipe error: 232
[0410/085144:ERROR:audio_output_device.cc(427)] IO loop going away before the audio device has been stopped
[0410/085301:ERROR:gpu_video_decode_accelerator.cc(281)] HW video decode not available for profile 12
[0410/233355:ERROR:browser_host_impl.cc(1751)] Invalid URL passed to CefBrowserHostImpl::LoadURL: www.mitele.es/http://www.mitelekids.es/msplayer/popup.html?contentId=MDSEPI20160410_0001&clippingId=5.jpg&clippingContentId=MDSEPI20160410_0001&clippingWidth=639&clippingHeight=363&boardId=27696
[0410/233355:ERROR:browser_host_impl.cc(1751)] Invalid URL passed to CefBrowserHostImpl::LoadURL: www.mitele.es/http://www.mitelekids.es/msplayer/popup.html?contentId=MDSEPI20160410_0001&clippingId=5.jpg&clippingContentId=MDSEPI20160410_0001&clippingWidth=639&clippingHeight=363&boardId=27696
[0411/204653:WARNING:content_browser_client.cc(622)] No browser info matching frame process id 3 and routing id 1
[0411/220750:WARNING:content_browser_client.cc(622)] No browser info matching frame process id 3 and routing id 1
[0411/220750:WARNING:content_browser_client.cc(622)] No browser info matching frame process id 3 and routing id 1
[0411/220750:ERROR:gles2_cmd_decoder.cc(14033)] [.Compositor-00C5AA30]GL ERROR :GL_INVALID_OPERATION : glCreateAndConsumeTextureCHROMIUM: invalid mailbox name
[0411/220750:ERROR:gles2_cmd_decoder.cc(7430)] [.Compositor-00C5AA30]RENDER WARNING: texture bound to texture unit 0 is not renderable. It maybe non-power-of-2 and have incompatible texture filtering.
[0411/220750:ERROR:gles2_cmd_decoder.cc(14033)] [.Compositor-00C5AA30]GL ERROR :GL_INVALID_OPERATION : glCreateAndConsumeTextureCHROMIUM: invalid mailbox name
[0411/220750:ERROR:gles2_cmd_decoder.cc(7430)] [.Compositor-00C5AA30]RENDER WARNING: texture bound to texture unit 0 is not renderable. It maybe non-power-of-2 and have incompatible texture filtering.
[0412/094818:WARNING:ipc_channel_win.cc(360)] Unable to create pipe "\\.\pipe\chrome.2936.1.35309323" in client mode: El sistema no puede encontrar el archivo especificado. (0x2)
[0412/110507:ERROR:ipc_channel_win.cc(207)] pipe error: 109
[0412/111004:ERROR:ipc_channel_win.cc(207)] pipe error: 109
[0412/143843:ERROR:ipc_channel_win.cc(207)] pipe error: 109
[0412/144156:ERROR:ipc_channel_win.cc(207)] pipe error: 109
[0412/144247:ERROR:ipc_channel_win.cc(207)] pipe error: 109
[0412/144321:WARNING:content_browser_client.cc(622)] No browser info matching frame process id 3 and routing id 1
[0412/144329:WARNING:content_browser_client.cc(622)] No browser info matching frame process id 3 and routing id 1
[0412/144329:WARNING:content_browser_client.cc(622)] No browser info matching frame process id 3 and routing id 1
[0412/144329:WARNING:content_browser_client.cc(622)] No browser info matching frame process id 3 and routing id 1
[0412/144329:WARNING:content_browser_client.cc(622)] No browser info matching frame process id 3 and routing id 1
[0412/144415:ERROR:ipc_channel_win.cc(207)] pipe error: 109
[0412/150439:WARNING:raw_channel_win.cc(532)] WriteFile: Se está cerrando la canalización. (0xE8)
[0412/150439:WARNING:channel.cc(358)] RawChannel write error
[0412/150714:ERROR:ipc_channel_win.cc(207)] pipe error: 109
[0412/152050:ERROR:ipc_channel_win.cc(207)] pipe error: 109
[0412/160612:ERROR:ipc_channel_win.cc(207)] pipe error: 109
[0412/160719:ERROR:ipc_channel_win.cc(207)] pipe error: 109
[0412/160734:WARNING:content_browser_client.cc(622)] No browser info matching frame process id 3 and routing id 1
[0412/160734:WARNING:content_browser_client.cc(622)] No browser info matching frame process id 3 and routing id 1
[0412/160803:ERROR:ipc_channel_win.cc(207)] pipe error: 109
[0412/160905:ERROR:webgraphicscontext3d_command_buffer_impl.cc(208)] CommandBufferProxy::Initialize failed.
[0412/160905:ERROR:webgraphicscontext3d_command_buffer_impl.cc(227)] Failed to initialize command buffer.
[0412/161105:ERROR:ipc_channel_win.cc(207)] pipe error: 109
[0412/161459:ERROR:gpu_video_decode_accelerator.cc(281)] HW video decode not available for profile 12
[0412/161531:ERROR:ipc_channel_win.cc(465)] pipe error: 109
[0412/161531:ERROR:audio_output_device.cc(427)] IO loop going away before the audio device has been stopped
[0412/162330:ERROR:ipc_channel_win.cc(207)] pipe error: 109
[0412/163019:ERROR:ipc_channel_win.cc(207)] pipe error: 109
[0412/163105:ERROR:webgraphicscontext3d_command_buffer_impl.cc(208)] CommandBufferProxy::Initialize failed.
[0412/163105:ERROR:webgraphicscontext3d_command_buffer_impl.cc(227)] Failed to initialize command buffer.
[0412/165333:ERROR:ipc_channel_win.cc(207)] pipe error: 109
[0412/170621:ERROR:ipc_channel_win.cc(207)] pipe error: 109
[0413/093154:WARNING:content_browser_client.cc(622)] No browser info matching frame process id 3 and routing id 1
[0413/095502:ERROR:ipc_channel_win.cc(207)] pipe error: 109
[0413/100644:ERROR:ipc_channel_win.cc(207)] pipe error: 109
[0413/103745:WARNING:ipc_channel_win.cc(360)] Unable to create pipe "\\.\pipe\chrome.1568.0.137274842" in client mode: El sistema no puede encontrar el archivo especificado. (0x2)
[0414/122510:ERROR:gpu_video_decode_accelerator.cc(281)] HW video decode not available for profile 12
[0414/122556:ERROR:ipc_channel_win.cc(502)] pipe error: 232
[0414/122556:ERROR:audio_output_device.cc(427)] IO loop going away before the audio device has been stopped
[0414/123107:ERROR:gpu_video_decode_accelerator.cc(281)] HW video decode not available for profile 12
[0414/123129:ERROR:ipc_channel_win.cc(207)] pipe error: 109
[0414/124329:ERROR:gpu_video_decode_accelerator.cc(281)] HW video decode not available for profile 12
[0414/124352:WARNING:content_browser_client.cc(622)] No browser info matching frame process id 3 and routing id 6
[0414/124847:ERROR:gpu_video_decode_accelerator.cc(281)] HW video decode not available for profile 12
[0414/124856:ERROR:gpu_video_decode_accelerator.cc(281)] HW video decode not available for profile 12
[0414/165851:ERROR:browser_gpu_channel_host_factory.cc(132)] Failed to launch GPU process.
[0415/114707:ERROR:ipc_channel_win.cc(207)] pipe error: 109
[0418/165932:ERROR:browser_host_impl.cc(1751)] Invalid URL passed to CefBrowserHostImpl::LoadURL: Soccer_Sopcast: 29
[0418/170131:ERROR:browser_host_impl.cc(1751)] Invalid URL passed to CefBrowserHostImpl::LoadURL: Soccer_Acestream:9
[0418/170142:ERROR:browser_host_impl.cc(1751)] Invalid URL passed to CefBrowserHostImpl::LoadURL: Soccer_Acestream:10
[0418/173745:ERROR:browser_host_impl.cc(1751)] Invalid URL passed to CefBrowserHostImpl::LoadURL: Soccer_Sopcast:30
[0418/174001:ERROR:browser_host_impl.cc(1751)] Invalid URL passed to CefBrowserHostImpl::LoadURL: Soccer_Sopcast:30
[0419/110222:ERROR:browser_host_impl.cc(1751)] Invalid URL passed to CefBrowserHostImpl::LoadURL: Soccer_Sopcast:31
[0419/110313:ERROR:browser_host_impl.cc(1751)] Invalid URL passed to CefBrowserHostImpl::LoadURL: Soccer_Sopcast:21
[0419/110825:ERROR:browser_host_impl.cc(1751)] Invalid URL passed to CefBrowserHostImpl::LoadURL: Soccer_Sopcast:21
[0419/110856:ERROR:ipc_channel_win.cc(207)] pipe error: 109
[0419/111518:ERROR:browser_host_impl.cc(1751)] Invalid URL passed to CefBrowserHostImpl::LoadURL: Soccer_Sopcast:31
[0419/142322:WARNING:dns_config_service_win.cc(673)] Failed to read DnsConfig.
[0419/152550:ERROR:gpu_video_decode_accelerator.cc(281)] HW video decode not available for profile 12
[0419/152554:ERROR:audio_output_device.cc(427)] IO loop going away before the audio device has been stopped
[0421/141838:ERROR:gpu_video_decode_accelerator.cc(281)] HW video decode not available for profile 12
[0421/153943:ERROR:ipc_channel_win.cc(207)] pipe error: 109
[0421/155056:ERROR:gpu_video_decode_accelerator.cc(281)] HW video decode not available for profile 12
[0421/155059:ERROR:ipc_channel_win.cc(502)] pipe error: 232
[0421/155059:ERROR:ipc_channel_win.cc(207)] pipe error: 109
[0422/112830:ERROR:gpu_video_decode_accelerator.cc(281)] HW video decode not available for profile 12
[0422/114805:ERROR:gpu_video_decode_accelerator.cc(281)] HW video decode not available for profile 12
[0422/114812:ERROR:ipc_channel_win.cc(465)] pipe error: 109
[0422/114812:ERROR:audio_output_device.cc(427)] IO loop going away before the audio device has been stopped
[0422/115353:ERROR:gpu_video_decode_accelerator.cc(281)] HW video decode not available for profile 12
[0422/115439:ERROR:gpu_video_decode_accelerator.cc(281)] HW video decode not available for profile 12
[0422/115459:ERROR:audio_output_device.cc(427)] IO loop going away before the audio device has been stopped
[0422/120618:ERROR:gpu_video_decode_accelerator.cc(281)] HW video decode not available for profile 12
[0422/120651:ERROR:audio_output_device.cc(427)] IO loop going away before the audio device has been stopped
[0422/120805:ERROR:gpu_video_decode_accelerator.cc(281)] HW video decode not available for profile 12
[0422/120818:ERROR:gpu_video_decode_accelerator.cc(281)] HW video decode not available for profile 12
[0422/120829:ERROR:audio_output_device.cc(427)] IO loop going away before the audio device has been stopped
